# JRE version: Java(TM) SE Runtime Environment (8.0_202-b08) (build 1.8.0_202-b08)
# Java VM: Java HotSpot(TM) 64-Bit Server VM (25.202-b08 mixed mode windows-amd64 compressed oops)
Heap:
 PSYoungGen      total 138240K, used 37955K [0x000000076ae00000, 0x0000000774a00000, 0x00000007c0000000)
  eden space 127488K, 25% used [0x000000076ae00000,0x000000076cd5d810,0x0000000772a80000)
  from space 10752K, 55% used [0x0000000773880000,0x0000000773e50040,0x0000000774300000)
  to   space 14336K, 0% used [0x0000000772a80000,0x0000000772a80000,0x0000000773880000)
 ParOldGen       total 175104K, used 36306K [0x00000006c0a00000, 0x00000006cb500000, 0x000000076ae00000)
  object space 175104K, 20% used [0x00000006c0a00000,0x00000006c2d74b40,0x00000006cb500000)
 Metaspace       used 15913K, capacity 16602K, committed 16768K, reserved 1064960K
  class space    used 1899K, capacity 2072K, committed 2176K, reserved 1048576K
GC Heap History (10 events):
Event: 8.132 GC heap before
{Heap before GC invocations=14 (full 1):
 PSYoungGen      total 138240K, used 131584K [0x000000076ae00000, 0x0000000774a00000, 0x00000007c0000000)
  eden space 127488K, 100% used [0x000000076ae00000,0x0000000772a80000,0x0000000772a80000)
  from space 10752K, 38% used [0x0000000773880000,0x0000000773c80050,0x0000000774300000)
  to   space 14336K, 0% used [0x0000000772a80000,0x0000000772a80000,0x0000000773880000)
 ParOldGen       total 175104K, used 19706K [0x00000006c0a00000, 0x00000006cb500000, 0x000000076ae00000)
  object space 175104K, 11% used [0x00000006c0a00000,0x00000006c1d3ebc8,0x00000006cb500000)
 Metaspace       used 15892K, capacity 16602K, committed 16768K, reserved 1064960K
  class space    used 1899K, capacity 2072K, committed 2176K, reserved 1048576K
Event: 8.138 GC heap after
Heap after GC invocations=14 (full 1):
 PSYoungGen      total 141824K, used 6096K [0x000000076ae00000, 0x0000000774a00000, 0x00000007c0000000)
  eden space 127488K, 0% used [0x000000076ae00000,0x000000076ae00000,0x0000000772a80000)
  from space 14336K, 42% used [0x0000000772a80000,0x0000000773074010,0x0000000773880000)
  to   space 10752K, 0% used [0x0000000773880000,0x0000000773880000,0x0000000774300000)
 ParOldGen       total 175104K, used 21707K [0x00000006c0a00000, 0x00000006cb500000, 0x000000076ae00000)
  object space 175104K, 12% used [0x00000006c0a00000,0x00000006c1f32cd8,0x00000006cb500000)
 Metaspace       used 15892K, capacity 16602K, committed 16768K, reserved 1064960K
  class space    used 1899K, capacity 2072K, committed 2176K, reserved 1048576K
}
Event: 8.171 GC heap before
{Heap before GC invocations=15 (full 1):
 PSYoungGen      total 141824K, used 133584K [0x000000076ae00000, 0x0000000774a00000, 0x00000007c0000000)
  eden space 127488K, 100% used [0x000000076ae00000,0x0000000772a80000,0x0000000772a80000)
  from space 14336K, 42% used [0x0000000772a80000,0x0000000773074010,0x0000000773880000)
  to   space 10752K, 0% used [0x0000000773880000,0x0000000773880000,0x0000000774300000)
 ParOldGen       total 175104K, used 21707K [0x00000006c0a00000, 0x00000006cb500000, 0x000000076ae00000)
  object space 175104K, 12% used [0x00000006c0a00000,0x00000006c1f32cd8,0x00000006cb500000)
 Metaspace       used 15896K, capacity 16602K, committed 16768K, reserved 1064960K
  class space    used 1899K, capacity 2072K, committed 2176K, reserved 1048576K
Event: 8.177 GC heap after
Heap after GC invocations=15 (full 1):
 PSYoungGen      total 138240K, used 6144K [0x000000076ae00000, 0x0000000774a00000, 0x00000007c0000000)
  eden space 127488K, 0% used [0x000000076ae00000,0x000000076ae00000,0x0000000772a80000)
  from space 10752K, 57% used [0x0000000773880000,0x0000000773e80020,0x0000000774300000)
  to   space 14336K, 0% used [0x0000000772a80000,0x0000000772a80000,0x0000000773880000)
 ParOldGen       total 175104K, used 24199K [0x00000006c0a00000, 0x00000006cb500000, 0x000000076ae00000)
  object space 175104K, 13% used [0x00000006c0a00000,0x00000006c21a1ff8,0x00000006cb500000)
 Metaspace       used 15896K, capacity 16602K, committed 16768K, reserved 1064960K
  class space    used 1899K, capacity 2072K, committed 2176K, reserved 1048576K
}
Event: 8.215 GC heap before
{Heap before GC invocations=16 (full 1):
 PSYoungGen      total 138240K, used 133632K [0x000000076ae00000, 0x0000000774a00000, 0x00000007c0000000)
  eden space 127488K, 100% used [0x000000076ae00000,0x0000000772a80000,0x0000000772a80000)
  from space 10752K, 57% used [0x0000000773880000,0x0000000773e80020,0x0000000774300000)
  to   space 14336K, 0% used [0x0000000772a80000,0x0000000772a80000,0x0000000773880000)
 ParOldGen       total 175104K, used 24199K [0x00000006c0a00000, 0x00000006cb500000, 0x000000076ae00000)
  object space 175104K, 13% used [0x00000006c0a00000,0x00000006c21a1ff8,0x00000006cb500000)
 Metaspace       used 15902K, capacity 16602K, committed 16768K, reserved 1064960K
  class space    used 1899K, capacity 2072K, committed 2176K, reserved 1048576K
Event: 8.223 GC heap after
Heap after GC invocations=16 (full 1):
 PSYoungGen      total 141824K, used 5376K [0x000000076ae00000, 0x0000000774a00000, 0x00000007c0000000)
  eden space 127488K, 0% used [0x000000076ae00000,0x000000076ae00000,0x0000000772a80000)
  from space 14336K, 37% used [0x0000000772a80000,0x0000000772fc0060,0x0000000773880000)
  to   space 10752K, 0% used [0x0000000773880000,0x0000000773880000,0x0000000774300000)
 ParOldGen       total 175104K, used 27295K [0x00000006c0a00000, 0x00000006cb500000, 0x000000076ae00000)
  object space 175104K, 15% used [0x00000006c0a00000,0x00000006c24a7d28,0x00000006cb500000)
 Metaspace       used 15902K, capacity 16602K, committed 16768K, reserved 1064960K
  class space    used 1899K, capacity 2072K, committed 2176K, reserved 1048576K
}
Event: 8.261 GC heap before
{Heap before GC invocations=17 (full 1):
 PSYoungGen      total 141824K, used 132864K [0x000000076ae00000, 0x0000000774a00000, 0x00000007c0000000)
  eden space 127488K, 100% used [0x000000076ae00000,0x0000000772a80000,0x0000000772a80000)
  from space 14336K, 37% used [0x0000000772a80000,0x0000000772fc0060,0x0000000773880000)
  to   space 10752K, 0% used [0x0000000773880000,0x0000000773880000,0x0000000774300000)
 ParOldGen       total 175104K, used 27295K [0x00000006c0a00000, 0x00000006cb500000, 0x000000076ae00000)
  object space 175104K, 15% used [0x00000006c0a00000,0x00000006c24a7d28,0x00000006cb500000)
 Metaspace       used 15907K, capacity 16602K, committed 16768K, reserved 1064960K
  class space    used 1899K, capacity 2072K, committed 2176K, reserved 1048576K
Event: 8.268 GC heap after
Heap after GC invocations=17 (full 1):
 PSYoungGen      total 138240K, used 4736K [0x000000076ae00000, 0x0000000774a00000, 0x00000007c0000000)
  eden space 127488K, 0% used [0x000000076ae00000,0x000000076ae00000,0x0000000772a80000)
  from space 10752K, 44% used [0x0000000773880000,0x0000000773d20000,0x0000000774300000)
  to   space 14336K, 0% used [0x0000000772a80000,0x0000000772a80000,0x0000000773880000)
 ParOldGen       total 175104K, used 30754K [0x00000006c0a00000, 0x00000006cb500000, 0x000000076ae00000)
  object space 175104K, 17% used [0x00000006c0a00000,0x00000006c2808a90,0x00000006cb500000)
 Metaspace       used 15907K, capacity 16602K, committed 16768K, reserved 1064960K
  class space    used 1899K, capacity 2072K, committed 2176K, reserved 1048576K
}
Event: 8.302 GC heap before
{Heap before GC invocations=18 (full 1):
 PSYoungGen      total 138240K, used 132224K [0x000000076ae00000, 0x0000000774a00000, 0x00000007c0000000)
  eden space 127488K, 100% used [0x000000076ae00000,0x0000000772a80000,0x0000000772a80000)
  from space 10752K, 44% used [0x0000000773880000,0x0000000773d20000,0x0000000774300000)
  to   space 14336K, 0% used [0x0000000772a80000,0x0000000772a80000,0x0000000773880000)
 ParOldGen       total 175104K, used 30754K [0x00000006c0a00000, 0x00000006cb500000, 0x000000076ae00000)
  object space 175104K, 17% used [0x00000006c0a00000,0x00000006c2808a90,0x00000006cb500000)
 Metaspace       used 15913K, capacity 16602K, committed 16768K, reserved 1064960K
  class space    used 1899K, capacity 2072K, committed 2176K, reserved 1048576K
Event: 8.308 GC heap after
Heap after GC invocations=18 (full 1):
 PSYoungGen      total 141824K, used 5392K [0x000000076ae00000, 0x0000000774a00000, 0x00000007c0000000)
  eden space 127488K, 0% used [0x000000076ae00000,0x000000076ae00000,0x0000000772a80000)
  from space 14336K, 37% used [0x0000000772a80000,0x0000000772fc4020,0x0000000773880000)
  to   space 10752K, 0% used [0x0000000773880000,0x0000000773880000,0x0000000774300000)
 ParOldGen       total 175104K, used 33810K [0x00000006c0a00000, 0x00000006cb500000, 0x000000076ae00000)
  object space 175104K, 19% used [0x00000006c0a00000,0x00000006c2b04ab0,0x00000006cb500000)
 Metaspace       used 15913K, capacity 16602K, committed 16768K, reserved 1064960K
  class space    used 1899K, capacity 2072K, committed 2176K, reserved 1048576K
}

