# JRE version: Java(TM) SE Runtime Environment (8.0_202-b08) (build 1.8.0_202-b08)
# Java VM: Java HotSpot(TM) 64-Bit Server VM (25.202-b08 mixed mode windows-amd64 compressed oops)
Heap:
 PSYoungGen      total 362496K, used 307356K [0x000000076ae00000, 0x0000000782980000, 0x00000007c0000000)
  eden space 338432K, 90% used [0x000000076ae00000,0x000000077da271c0,0x000000077f880000)
  from space 24064K, 0% used [0x0000000781200000,0x0000000781200000,0x0000000782980000)
  to   space 25088K, 0% used [0x000000077f880000,0x000000077f880000,0x0000000781100000)
 ParOldGen       total 175104K, used 138333K [0x00000006c0a00000, 0x00000006cb500000, 0x000000076ae00000)
  object space 175104K, 79% used [0x00000006c0a00000,0x00000006c9117490,0x00000006cb500000)
 Metaspace       used 15811K, capacity 16148K, committed 16768K, reserved 1064960K
  class space    used 1823K, capacity 1931K, committed 2176K, reserved 1048576K
GC Heap History (10 events):
Event: 9.514 GC heap before
{Heap before GC invocations=20 (full 1):
 PSYoungGen      total 263168K, used 253152K [0x000000076ae00000, 0x0000000782f80000, 0x00000007c0000000)
  eden space 241664K, 100% used [0x000000076ae00000,0x0000000779a00000,0x0000000779a00000)
  from space 21504K, 53% used [0x000000077b400000,0x000000077bf38000,0x000000077c900000)
  to   space 26624K, 0% used [0x0000000779a00000,0x0000000779a00000,0x000000077b400000)
 ParOldGen       total 175104K, used 114053K [0x00000006c0a00000, 0x00000006cb500000, 0x000000076ae00000)
  object space 175104K, 65% used [0x00000006c0a00000,0x00000006c7961750,0x00000006cb500000)
 Metaspace       used 15988K, capacity 16646K, committed 16768K, reserved 1064960K
  class space    used 1892K, capacity 2056K, committed 2176K, reserved 1048576K
Event: 9.529 GC heap after
Heap after GC invocations=20 (full 1):
 PSYoungGen      total 268288K, used 11552K [0x000000076ae00000, 0x0000000782b80000, 0x00000007c0000000)
  eden space 241664K, 0% used [0x000000076ae00000,0x000000076ae00000,0x0000000779a00000)
  from space 26624K, 43% used [0x0000000779a00000,0x000000077a548090,0x000000077b400000)
  to   space 26112K, 0% used [0x0000000781200000,0x0000000781200000,0x0000000782b80000)
 ParOldGen       total 175104K, used 123861K [0x00000006c0a00000, 0x00000006cb500000, 0x000000076ae00000)
  object space 175104K, 70% used [0x00000006c0a00000,0x00000006c82f5750,0x00000006cb500000)
 Metaspace       used 15988K, capacity 16646K, committed 16768K, reserved 1064960K
  class space    used 1892K, capacity 2056K, committed 2176K, reserved 1048576K
}
Event: 9.579 GC heap before
{Heap before GC invocations=21 (full 1):
 PSYoungGen      total 268288K, used 253216K [0x000000076ae00000, 0x0000000782b80000, 0x00000007c0000000)
  eden space 241664K, 100% used [0x000000076ae00000,0x0000000779a00000,0x0000000779a00000)
  from space 26624K, 43% used [0x0000000779a00000,0x000000077a548090,0x000000077b400000)
  to   space 26112K, 0% used [0x0000000781200000,0x0000000781200000,0x0000000782b80000)
 ParOldGen       total 175104K, used 123861K [0x00000006c0a00000, 0x00000006cb500000, 0x000000076ae00000)
  object space 175104K, 70% used [0x00000006c0a00000,0x00000006c82f5750,0x00000006cb500000)
 Metaspace       used 16004K, capacity 16646K, committed 16768K, reserved 1064960K
  class space    used 1892K, capacity 2056K, committed 2176K, reserved 1048576K
Event: 9.594 GC heap after
Heap after GC invocations=21 (full 1):
 PSYoungGen      total 362496K, used 12064K [0x000000076ae00000, 0x0000000782980000, 0x00000007c0000000)
  eden space 338432K, 0% used [0x000000076ae00000,0x000000076ae00000,0x000000077f880000)
  from space 24064K, 50% used [0x0000000781200000,0x0000000781dc8070,0x0000000782980000)
  to   space 25088K, 0% used [0x000000077f880000,0x000000077f880000,0x0000000781100000)
 ParOldGen       total 175104K, used 134101K [0x00000006c0a00000, 0x00000006cb500000, 0x000000076ae00000)
  object space 175104K, 76% used [0x00000006c0a00000,0x00000006c8cf57e0,0x00000006cb500000)
 Metaspace       used 16004K, capacity 16646K, committed 16768K, reserved 1064960K
  class space    used 1892K, capacity 2056K, committed 2176K, reserved 1048576K
}
Event: 9.664 GC heap before
{Heap before GC invocations=22 (full 1):
 PSYoungGen      total 362496K, used 350496K [0x000000076ae00000, 0x0000000782980000, 0x00000007c0000000)
  eden space 338432K, 100% used [0x000000076ae00000,0x000000077f880000,0x000000077f880000)
  from space 24064K, 50% used [0x0000000781200000,0x0000000781dc8070,0x0000000782980000)
  to   space 25088K, 0% used [0x000000077f880000,0x000000077f880000,0x0000000781100000)
 ParOldGen       total 175104K, used 134101K [0x00000006c0a00000, 0x00000006cb500000, 0x000000076ae00000)
  object space 175104K, 76% used [0x00000006c0a00000,0x00000006c8cf57e0,0x00000006cb500000)
 Metaspace       used 16004K, capacity 16646K, committed 16768K, reserved 1064960K
  class space    used 1892K, capacity 2056K, committed 2176K, reserved 1048576K
Event: 9.683 GC heap after
Heap after GC invocations=22 (full 1):
 PSYoungGen      total 363520K, used 15616K [0x000000076ae00000, 0x0000000782980000, 0x00000007c0000000)
  eden space 338432K, 0% used [0x000000076ae00000,0x000000076ae00000,0x000000077f880000)
  from space 25088K, 62% used [0x000000077f880000,0x00000007807c0080,0x0000000781100000)
  to   space 24064K, 0% used [0x0000000781200000,0x0000000781200000,0x0000000782980000)
 ParOldGen       total 175104K, used 144550K [0x00000006c0a00000, 0x00000006cb500000, 0x000000076ae00000)
  object space 175104K, 82% used [0x00000006c0a00000,0x00000006c9729850,0x00000006cb500000)
 Metaspace       used 16004K, capacity 16646K, committed 16768K, reserved 1064960K
  class space    used 1892K, capacity 2056K, committed 2176K, reserved 1048576K
}
Event: 9.744 GC heap before
{Heap before GC invocations=23 (full 1):
 PSYoungGen      total 363520K, used 354048K [0x000000076ae00000, 0x0000000782980000, 0x00000007c0000000)
  eden space 338432K, 100% used [0x000000076ae00000,0x000000077f880000,0x000000077f880000)
  from space 25088K, 62% used [0x000000077f880000,0x00000007807c0080,0x0000000781100000)
  to   space 24064K, 0% used [0x0000000781200000,0x0000000781200000,0x0000000782980000)
 ParOldGen       total 175104K, used 144550K [0x00000006c0a00000, 0x00000006cb500000, 0x000000076ae00000)
  object space 175104K, 82% used [0x00000006c0a00000,0x00000006c9729850,0x00000006cb500000)
 Metaspace       used 16004K, capacity 16646K, committed 16768K, reserved 1064960K
  class space    used 1892K, capacity 2056K, committed 2176K, reserved 1048576K
Event: 9.765 GC heap after
Heap after GC invocations=23 (full 1):
 PSYoungGen      total 362496K, used 15424K [0x000000076ae00000, 0x0000000782980000, 0x00000007c0000000)
  eden space 338432K, 0% used [0x000000076ae00000,0x000000076ae00000,0x000000077f880000)
  from space 24064K, 64% used [0x0000000781200000,0x0000000782110070,0x0000000782980000)
  to   space 25088K, 0% used [0x000000077f880000,0x000000077f880000,0x0000000781100000)
 ParOldGen       total 175104K, used 158814K [0x00000006c0a00000, 0x00000006cb500000, 0x000000076ae00000)
  object space 175104K, 90% used [0x00000006c0a00000,0x00000006ca5178d0,0x00000006cb500000)
 Metaspace       used 16004K, capacity 16646K, committed 16768K, reserved 1064960K
  class space    used 1892K, capacity 2056K, committed 2176K, reserved 1048576K
}
Event: 9.765 GC heap before
{Heap before GC invocations=24 (full 2):
 PSYoungGen      total 362496K, used 15424K [0x000000076ae00000, 0x0000000782980000, 0x00000007c0000000)
  eden space 338432K, 0% used [0x000000076ae00000,0x000000076ae00000,0x000000077f880000)
  from space 24064K, 64% used [0x0000000781200000,0x0000000782110070,0x0000000782980000)
  to   space 25088K, 0% used [0x000000077f880000,0x000000077f880000,0x0000000781100000)
 ParOldGen       total 175104K, used 158814K [0x00000006c0a00000, 0x00000006cb500000, 0x000000076ae00000)
  object space 175104K, 90% used [0x00000006c0a00000,0x00000006ca5178d0,0x00000006cb500000)
 Metaspace       used 16004K, capacity 16646K, committed 16768K, reserved 1064960K
  class space    used 1892K, capacity 2056K, committed 2176K, reserved 1048576K
Event: 9.962 GC heap after
Heap after GC invocations=24 (full 2):
 PSYoungGen      total 362496K, used 0K [0x000000076ae00000, 0x0000000782980000, 0x00000007c0000000)
  eden space 338432K, 0% used [0x000000076ae00000,0x000000076ae00000,0x000000077f880000)
  from space 24064K, 0% used [0x0000000781200000,0x0000000781200000,0x0000000782980000)
  to   space 25088K, 0% used [0x000000077f880000,0x000000077f880000,0x0000000781100000)
 ParOldGen       total 175104K, used 138333K [0x00000006c0a00000, 0x00000006cb500000, 0x000000076ae00000)
  object space 175104K, 79% used [0x00000006c0a00000,0x00000006c9117490,0x00000006cb500000)
 Metaspace       used 15799K, capacity 16148K, committed 16768K, reserved 1064960K
  class space    used 1822K, capacity 1931K, committed 2176K, reserved 1048576K
}

