# JRE version: Java(TM) SE Runtime Environment (8.0_202-b08) (build 1.8.0_202-b08)
# Java VM: Java HotSpot(TM) 64-Bit Server VM (25.202-b08 mixed mode windows-amd64 compressed oops)
Heap:
 PSYoungGen      total 1043456K, used 343255K [0x000000076ae00000, 0x00000007c0000000, 0x00000007c0000000)
  eden space 1000448K, 30% used [0x000000076ae00000,0x000000077d3a5d88,0x00000007a7f00000)
  from space 43008K, 98% used [0x00000007a7f00000,0x00000007aa8901d0,0x00000007aa900000)
  to   space 49152K, 0% used [0x00000007bd000000,0x00000007bd000000,0x00000007c0000000)
 ParOldGen       total 175104K, used 131414K [0x00000006c0a00000, 0x00000006cb500000, 0x000000076ae00000)
  object space 175104K, 75% used [0x00000006c0a00000,0x00000006c8a55b38,0x00000006cb500000)
 Metaspace       used 15931K, capacity 16598K, committed 16768K, reserved 1064960K
  class space    used 1900K, capacity 2068K, committed 2176K, reserved 1048576K
GC Heap History (10 events):
Event: 8.251 GC heap before
{Heap before GC invocations=12 (full 1):
 PSYoungGen      total 419840K, used 419827K [0x000000076ae00000, 0x000000078c300000, 0x00000007c0000000)
  eden space 391680K, 100% used [0x000000076ae00000,0x0000000782c80000,0x0000000782c80000)
  from space 28160K, 99% used [0x000000078a780000,0x000000078c2fcc40,0x000000078c300000)
  to   space 34816K, 0% used [0x0000000787f00000,0x0000000787f00000,0x000000078a100000)
 ParOldGen       total 175104K, used 18840K [0x00000006c0a00000, 0x00000006cb500000, 0x000000076ae00000)
  object space 175104K, 10% used [0x00000006c0a00000,0x00000006c1c66170,0x00000006cb500000)
 Metaspace       used 15750K, capacity 16406K, committed 16768K, reserved 1064960K
  class space    used 1899K, capacity 2068K, committed 2176K, reserved 1048576K
Event: 8.274 GC heap after
Heap after GC invocations=12 (full 1):
 PSYoungGen      total 510976K, used 30917K [0x000000076ae00000, 0x0000000795e00000, 0x00000007c0000000)
  eden space 476160K, 0% used [0x000000076ae00000,0x000000076ae00000,0x0000000787f00000)
  from space 34816K, 88% used [0x0000000787f00000,0x0000000789d315c0,0x000000078a100000)
  to   space 38912K, 0% used [0x0000000793800000,0x0000000793800000,0x0000000795e00000)
 ParOldGen       total 175104K, used 30104K [0x00000006c0a00000, 0x00000006cb500000, 0x000000076ae00000)
  object space 175104K, 17% used [0x00000006c0a00000,0x00000006c2766220,0x00000006cb500000)
 Metaspace       used 15750K, capacity 16406K, committed 16768K, reserved 1064960K
  class space    used 1899K, capacity 2068K, committed 2176K, reserved 1048576K
}
Event: 8.446 GC heap before
{Heap before GC invocations=13 (full 1):
 PSYoungGen      total 510976K, used 507077K [0x000000076ae00000, 0x0000000795e00000, 0x00000007c0000000)
  eden space 476160K, 100% used [0x000000076ae00000,0x0000000787f00000,0x0000000787f00000)
  from space 34816K, 88% used [0x0000000787f00000,0x0000000789d315c0,0x000000078a100000)
  to   space 38912K, 0% used [0x0000000793800000,0x0000000793800000,0x0000000795e00000)
 ParOldGen       total 175104K, used 30104K [0x00000006c0a00000, 0x00000006cb500000, 0x000000076ae00000)
  object space 175104K, 17% used [0x00000006c0a00000,0x00000006c2766220,0x00000006cb500000)
 Metaspace       used 15809K, capacity 16470K, committed 16768K, reserved 1064960K
  class space    used 1899K, capacity 2068K, committed 2176K, reserved 1048576K
Event: 8.481 GC heap after
Heap after GC invocations=13 (full 1):
 PSYoungGen      total 665088K, used 23008K [0x000000076ae00000, 0x000000079e300000, 0x00000007c0000000)
  eden space 626176K, 0% used [0x000000076ae00000,0x000000076ae00000,0x0000000791180000)
  from space 38912K, 59% used [0x0000000793800000,0x0000000794e781e0,0x0000000795e00000)
  to   space 39424K, 0% used [0x0000000791180000,0x0000000791180000,0x0000000793800000)
 ParOldGen       total 175104K, used 57838K [0x00000006c0a00000, 0x00000006cb500000, 0x000000076ae00000)
  object space 175104K, 33% used [0x00000006c0a00000,0x00000006c427b9d0,0x00000006cb500000)
 Metaspace       used 15809K, capacity 16470K, committed 16768K, reserved 1064960K
  class space    used 1899K, capacity 2068K, committed 2176K, reserved 1048576K
}
Event: 8.633 GC heap before
{Heap before GC invocations=14 (full 1):
 PSYoungGen      total 665088K, used 649184K [0x000000076ae00000, 0x000000079e300000, 0x00000007c0000000)
  eden space 626176K, 100% used [0x000000076ae00000,0x0000000791180000,0x0000000791180000)
  from space 38912K, 59% used [0x0000000793800000,0x0000000794e781e0,0x0000000795e00000)
  to   space 39424K, 0% used [0x0000000791180000,0x0000000791180000,0x0000000793800000)
 ParOldGen       total 175104K, used 57838K [0x00000006c0a00000, 0x00000006cb500000, 0x000000076ae00000)
  object space 175104K, 33% used [0x00000006c0a00000,0x00000006c427b9d0,0x00000006cb500000)
 Metaspace       used 15828K, capacity 16534K, committed 16768K, reserved 1064960K
  class space    used 1900K, capacity 2068K, committed 2176K, reserved 1048576K
Event: 8.668 GC heap after
Heap after GC invocations=14 (full 1):
 PSYoungGen      total 665600K, used 28609K [0x000000076ae00000, 0x00000007ad180000, 0x00000007c0000000)
  eden space 626176K, 0% used [0x000000076ae00000,0x000000076ae00000,0x0000000791180000)
  from space 39424K, 72% used [0x0000000791180000,0x0000000792d705b0,0x0000000793800000)
  to   space 41472K, 0% used [0x00000007aa900000,0x00000007aa900000,0x00000007ad180000)
 ParOldGen       total 175104K, used 78818K [0x00000006c0a00000, 0x00000006cb500000, 0x000000076ae00000)
  object space 175104K, 45% used [0x00000006c0a00000,0x00000006c56f8b88,0x00000006cb500000)
 Metaspace       used 15828K, capacity 16534K, committed 16768K, reserved 1064960K
  class space    used 1900K, capacity 2068K, committed 2176K, reserved 1048576K
}
Event: 8.776 GC heap before
{Heap before GC invocations=15 (full 1):
 PSYoungGen      total 665600K, used 654785K [0x000000076ae00000, 0x00000007ad180000, 0x00000007c0000000)
  eden space 626176K, 100% used [0x000000076ae00000,0x0000000791180000,0x0000000791180000)
  from space 39424K, 72% used [0x0000000791180000,0x0000000792d705b0,0x0000000793800000)
  to   space 41472K, 0% used [0x00000007aa900000,0x00000007aa900000,0x00000007ad180000)
 ParOldGen       total 175104K, used 78818K [0x00000006c0a00000, 0x00000006cb500000, 0x000000076ae00000)
  object space 175104K, 45% used [0x00000006c0a00000,0x00000006c56f8b88,0x00000006cb500000)
 Metaspace       used 15848K, capacity 16534K, committed 16768K, reserved 1064960K
  class space    used 1900K, capacity 2068K, committed 2176K, reserved 1048576K
Event: 8.815 GC heap after
Heap after GC invocations=15 (full 1):
 PSYoungGen      total 1041920K, used 27648K [0x000000076ae00000, 0x00000007ad480000, 0x00000007c0000000)
  eden space 1000448K, 0% used [0x000000076ae00000,0x000000076ae00000,0x00000007a7f00000)
  from space 41472K, 66% used [0x00000007aa900000,0x00000007ac400120,0x00000007ad180000)
  to   space 43008K, 0% used [0x00000007a7f00000,0x00000007a7f00000,0x00000007aa900000)
 ParOldGen       total 175104K, used 105430K [0x00000006c0a00000, 0x00000006cb500000, 0x000000076ae00000)
  object space 175104K, 60% used [0x00000006c0a00000,0x00000006c70f5a88,0x00000006cb500000)
 Metaspace       used 15848K, capacity 16534K, committed 16768K, reserved 1064960K
  class space    used 1900K, capacity 2068K, committed 2176K, reserved 1048576K
}
Event: 9.121 GC heap before
{Heap before GC invocations=16 (full 1):
 PSYoungGen      total 1041920K, used 1028096K [0x000000076ae00000, 0x00000007ad480000, 0x00000007c0000000)
  eden space 1000448K, 100% used [0x000000076ae00000,0x00000007a7f00000,0x00000007a7f00000)
  from space 41472K, 66% used [0x00000007aa900000,0x00000007ac400120,0x00000007ad180000)
  to   space 43008K, 0% used [0x00000007a7f00000,0x00000007a7f00000,0x00000007aa900000)
 ParOldGen       total 175104K, used 105430K [0x00000006c0a00000, 0x00000006cb500000, 0x000000076ae00000)
  object space 175104K, 60% used [0x00000006c0a00000,0x00000006c70f5a88,0x00000006cb500000)
 Metaspace       used 15849K, capacity 16534K, committed 16768K, reserved 1064960K
  class space    used 1900K, capacity 2068K, committed 2176K, reserved 1048576K
Event: 9.300 GC heap after
Heap after GC invocations=16 (full 1):
 PSYoungGen      total 1043456K, used 42560K [0x000000076ae00000, 0x00000007c0000000, 0x00000007c0000000)
  eden space 1000448K, 0% used [0x000000076ae00000,0x000000076ae00000,0x00000007a7f00000)
  from space 43008K, 98% used [0x00000007a7f00000,0x00000007aa8901d0,0x00000007aa900000)
  to   space 49152K, 0% used [0x00000007bd000000,0x00000007bd000000,0x00000007c0000000)
 ParOldGen       total 175104K, used 131414K [0x00000006c0a00000, 0x00000006cb500000, 0x000000076ae00000)
  object space 175104K, 75% used [0x00000006c0a00000,0x00000006c8a55b38,0x00000006cb500000)
 Metaspace       used 15849K, capacity 16534K, committed 16768K, reserved 1064960K
  class space    used 1900K, capacity 2068K, committed 2176K, reserved 1048576K
}

